
========================[ Dec 19, 2025  8:58 PM ]========================
Version 2.2.26 [Sep-21-2011]
Started database file "147_Race_4.fasta"
Formatted 8 sequences in volume 0
SUCCESS: formatted database 147_Race_4.fasta

========================[ Dec 19, 2025  8:58 PM ]========================
Version 2.2.26 [Sep-21-2011]
Started database file "8004_Race_9.fasta"
Formatted 1 sequences in volume 0
SUCCESS: formatted database 8004_Race_9.fasta

========================[ Dec 19, 2025  8:58 PM ]========================
Version 2.2.26 [Sep-21-2011]
Started database file "ATCC_33913_Clade_C.fasta"
Formatted 1 sequences in volume 0
SUCCESS: formatted database ATCC_33913_Clade_C.fasta

========================[ Dec 19, 2025  8:58 PM ]========================
Version 2.2.26 [Sep-21-2011]
Started database file "B100_Race_1_Clade_A.fasta"
Formatted 1 sequences in volume 0
SUCCESS: formatted database B100_Race_1_Clade_A.fasta

========================[ Dec 19, 2025  8:58 PM ]========================
Version 2.2.26 [Sep-21-2011]
Started database file "CFBP_1119_Race_1_Clade_A.fasta"
Formatted 2 sequences in volume 0
SUCCESS: formatted database CFBP_1119_Race_1_Clade_A.fasta

========================[ Dec 19, 2025  8:58 PM ]========================
Version 2.2.26 [Sep-21-2011]
Started database file "CFBP_5817_Race_4_Clade_B.fasta"
Formatted 12 sequences in volume 0
SUCCESS: formatted database CFBP_5817_Race_4_Clade_B.fasta

========================[ Dec 19, 2025  8:58 PM ]========================
Version 2.2.26 [Sep-21-2011]
Started database file "CFBP_6865R_Race_5_Clade_E.fasta"
Formatted 4 sequences in volume 0
SUCCESS: formatted database CFBP_6865R_Race_5_Clade_E.fasta

========================[ Dec 19, 2025  8:58 PM ]========================
Version 2.2.26 [Sep-21-2011]
Started database file "CN03_Clade_A.fasta"
Formatted 2 sequences in volume 0
SUCCESS: formatted database CN03_Clade_A.fasta

========================[ Dec 19, 2025  8:58 PM ]========================
Version 2.2.26 [Sep-21-2011]
Started database file "CN05_Race_6_Clade_D.fasta"
Formatted 8 sequences in volume 0
SUCCESS: formatted database CN05_Race_6_Clade_D.fasta

========================[ Dec 19, 2025  8:58 PM ]========================
Version 2.2.26 [Sep-21-2011]
Started database file "CN16_Clade_G.fasta"
Formatted 13 sequences in volume 0
SUCCESS: formatted database CN16_Clade_G.fasta

========================[ Dec 19, 2025  8:58 PM ]========================
Version 2.2.26 [Sep-21-2011]
Started database file "CN19_Race_1_Clade_B.fasta"
Formatted 3 sequences in volume 0
SUCCESS: formatted database CN19_Race_1_Clade_B.fasta

========================[ Dec 19, 2025  8:58 PM ]========================
Version 2.2.26 [Sep-21-2011]
Started database file "CN20_Race_1.fasta"
Formatted 3 sequences in volume 0
SUCCESS: formatted database CN20_Race_1.fasta

========================[ Dec 19, 2025  8:58 PM ]========================
Version 2.2.26 [Sep-21-2011]
Started database file "WHRI_10018A_Race_1.fasta"
Formatted 1 sequences in volume 0
SUCCESS: formatted database WHRI_10018A_Race_1.fasta

========================[ Dec 19, 2025  8:58 PM ]========================
Version 2.2.26 [Sep-21-2011]
Started database file "WHRI_10023A_Race_4.fasta"
Formatted 59 sequences in volume 0
SUCCESS: formatted database WHRI_10023A_Race_4.fasta

========================[ Dec 19, 2025  8:58 PM ]========================
Version 2.2.26 [Sep-21-2011]
Started database file "WHRI_10024A_Race_6.fasta"
Formatted 56 sequences in volume 0
SUCCESS: formatted database WHRI_10024A_Race_6.fasta

========================[ Dec 19, 2025  8:58 PM ]========================
Version 2.2.26 [Sep-21-2011]
Started database file "WHRI_10030A_Race_5.fasta"
Formatted 78 sequences in volume 0
SUCCESS: formatted database WHRI_10030A_Race_5.fasta

========================[ Dec 19, 2025  8:58 PM ]========================
Version 2.2.26 [Sep-21-2011]
Started database file "WHRI_1279A_Race_4.fasta"
Formatted 106 sequences in volume 0
SUCCESS: formatted database WHRI_1279A_Race_4.fasta

========================[ Dec 19, 2025  8:58 PM ]========================
Version 2.2.26 [Sep-21-2011]
Started database file "WHRI_3820A_Race_4.fasta"
Formatted 131 sequences in volume 0
SUCCESS: formatted database WHRI_3820A_Race_4.fasta

========================[ Dec 19, 2025  8:58 PM ]========================
Version 2.2.26 [Sep-21-2011]
Started database file "WHRI_3830A_Race_4.fasta"
Formatted 130 sequences in volume 0
SUCCESS: formatted database WHRI_3830A_Race_4.fasta

========================[ Dec 19, 2025  8:58 PM ]========================
Version 2.2.26 [Sep-21-2011]
Started database file "WHRI_3832A_Race_4.fasta"
Formatted 137 sequences in volume 0
SUCCESS: formatted database WHRI_3832A_Race_4.fasta

========================[ Dec 19, 2025  8:58 PM ]========================
Version 2.2.26 [Sep-21-2011]
Started database file "WHRI_3843B_Race_1.fasta"
Formatted 84 sequences in volume 0
SUCCESS: formatted database WHRI_3843B_Race_1.fasta

========================[ Dec 19, 2025  8:58 PM ]========================
Version 2.2.26 [Sep-21-2011]
Started database file "WHRI_3880_Race_5.fasta"
Formatted 109 sequences in volume 0
SUCCESS: formatted database WHRI_3880_Race_5.fasta

========================[ Dec 19, 2025  8:58 PM ]========================
Version 2.2.26 [Sep-21-2011]
Started database file "WHRI_3883_Race_5.fasta"
Formatted 96 sequences in volume 0
SUCCESS: formatted database WHRI_3883_Race_5.fasta

========================[ Dec 19, 2025  8:58 PM ]========================
Version 2.2.26 [Sep-21-2011]
Started database file "WHRI_3964_Race_4.fasta"
Formatted 80 sequences in volume 0
SUCCESS: formatted database WHRI_3964_Race_4.fasta

========================[ Dec 19, 2025  8:58 PM ]========================
Version 2.2.26 [Sep-21-2011]
Started database file "WHRI_5190_Race_4.fasta"
Formatted 114 sequences in volume 0
SUCCESS: formatted database WHRI_5190_Race_4.fasta

========================[ Dec 19, 2025  8:58 PM ]========================
Version 2.2.26 [Sep-21-2011]
Started database file "WHRI_5495_Race_1.fasta"
Formatted 118 sequences in volume 0
SUCCESS: formatted database WHRI_5495_Race_1.fasta

========================[ Dec 19, 2025  8:58 PM ]========================
Version 2.2.26 [Sep-21-2011]
Started database file "WHRI_5499_Race_1.fasta"
Formatted 106 sequences in volume 0
SUCCESS: formatted database WHRI_5499_Race_1.fasta

========================[ Dec 19, 2025  8:58 PM ]========================
Version 2.2.26 [Sep-21-2011]
Started database file "WHRI_5582_Race_4.fasta"
Formatted 131 sequences in volume 0
SUCCESS: formatted database WHRI_5582_Race_4.fasta

========================[ Dec 19, 2025  8:58 PM ]========================
Version 2.2.26 [Sep-21-2011]
Started database file "WHRI_5585_Race_4.fasta"
Formatted 133 sequences in volume 0
SUCCESS: formatted database WHRI_5585_Race_4.fasta

========================[ Dec 19, 2025  8:58 PM ]========================
Version 2.2.26 [Sep-21-2011]
Started database file "WHRI_5588_Race_4.fasta"
Formatted 143 sequences in volume 0
SUCCESS: formatted database WHRI_5588_Race_4.fasta

========================[ Dec 19, 2025  8:58 PM ]========================
Version 2.2.26 [Sep-21-2011]
Started database file "WHRI_5591_Race_1.fasta"
Formatted 99 sequences in volume 0
SUCCESS: formatted database WHRI_5591_Race_1.fasta

========================[ Dec 19, 2025  8:58 PM ]========================
Version 2.2.26 [Sep-21-2011]
Started database file "WHRI_5592_Race_1.fasta"
Formatted 114 sequences in volume 0
SUCCESS: formatted database WHRI_5592_Race_1.fasta

========================[ Dec 19, 2025  8:58 PM ]========================
Version 2.2.26 [Sep-21-2011]
Started database file "WHRI_5594_Race_1.fasta"
Formatted 95 sequences in volume 0
SUCCESS: formatted database WHRI_5594_Race_1.fasta

========================[ Dec 19, 2025  8:58 PM ]========================
Version 2.2.26 [Sep-21-2011]
Started database file "WHRI_5630_Race_1.fasta"
Formatted 103 sequences in volume 0
SUCCESS: formatted database WHRI_5630_Race_1.fasta

========================[ Dec 19, 2025  8:58 PM ]========================
Version 2.2.26 [Sep-21-2011]
Started database file "WHRI_5631_Race_1.fasta"
Formatted 105 sequences in volume 0
SUCCESS: formatted database WHRI_5631_Race_1.fasta

========================[ Dec 19, 2025  8:58 PM ]========================
Version 2.2.26 [Sep-21-2011]
Started database file "WHRI_5714B_Race_1.fasta"
Formatted 121 sequences in volume 0
SUCCESS: formatted database WHRI_5714B_Race_1.fasta

========================[ Dec 19, 2025  8:58 PM ]========================
Version 2.2.26 [Sep-21-2011]
Started database file "WHRI_5715A_Race_1.fasta"
Formatted 118 sequences in volume 0
SUCCESS: formatted database WHRI_5715A_Race_1.fasta

========================[ Dec 19, 2025  8:58 PM ]========================
Version 2.2.26 [Sep-21-2011]
Started database file "WHRI_5733_Race_1.fasta"
Formatted 106 sequences in volume 0
SUCCESS: formatted database WHRI_5733_Race_1.fasta

========================[ Dec 19, 2025  8:58 PM ]========================
Version 2.2.26 [Sep-21-2011]
Started database file "WHRI_5735_Race_1.fasta"
Formatted 112 sequences in volume 0
SUCCESS: formatted database WHRI_5735_Race_1.fasta

========================[ Dec 19, 2025  8:58 PM ]========================
Version 2.2.26 [Sep-21-2011]
Started database file "WHRI_5736_Race_1.fasta"
Formatted 114 sequences in volume 0
SUCCESS: formatted database WHRI_5736_Race_1.fasta

========================[ Dec 19, 2025  8:58 PM ]========================
Version 2.2.26 [Sep-21-2011]
Started database file "WHRI_5742_Race_1_.fasta"
Formatted 120 sequences in volume 0
SUCCESS: formatted database WHRI_5742_Race_1_.fasta

========================[ Dec 19, 2025  8:58 PM ]========================
Version 2.2.26 [Sep-21-2011]
Started database file "WHRI_5743_Race_1.fasta"
Formatted 124 sequences in volume 0
SUCCESS: formatted database WHRI_5743_Race_1.fasta

========================[ Dec 19, 2025  8:58 PM ]========================
Version 2.2.26 [Sep-21-2011]
Started database file "WHRI_5771_Race_1.fasta"
Formatted 92 sequences in volume 0
SUCCESS: formatted database WHRI_5771_Race_1.fasta

========================[ Dec 19, 2025  8:58 PM ]========================
Version 2.2.26 [Sep-21-2011]
Started database file "WHRI_5802_Race_1.fasta"
Formatted 89 sequences in volume 0
SUCCESS: formatted database WHRI_5802_Race_1.fasta

========================[ Dec 19, 2025  8:58 PM ]========================
Version 2.2.26 [Sep-21-2011]
Started database file "WHRI_5806_Race_1.fasta"
Formatted 100 sequences in volume 0
SUCCESS: formatted database WHRI_5806_Race_1.fasta

========================[ Dec 19, 2025  8:58 PM ]========================
Version 2.2.26 [Sep-21-2011]
Started database file "WHRI_5819_Race_4.fasta"
Formatted 128 sequences in volume 0
SUCCESS: formatted database WHRI_5819_Race_4.fasta

========================[ Dec 19, 2025  8:58 PM ]========================
Version 2.2.26 [Sep-21-2011]
Started database file "WHRI_6018A_Race_1.fasta"
Formatted 87 sequences in volume 0
SUCCESS: formatted database WHRI_6018A_Race_1.fasta

========================[ Dec 19, 2025  8:58 PM ]========================
Version 2.2.26 [Sep-21-2011]
Started database file "WHRI_6022A_Race_1.fasta"
Formatted 82 sequences in volume 0
SUCCESS: formatted database WHRI_6022A_Race_1.fasta

========================[ Dec 19, 2025  8:58 PM ]========================
Version 2.2.26 [Sep-21-2011]
Started database file "WHRI_6023A_Race_1.fasta"
Formatted 92 sequences in volume 0
SUCCESS: formatted database WHRI_6023A_Race_1.fasta

========================[ Dec 19, 2025  8:58 PM ]========================
Version 2.2.26 [Sep-21-2011]
Started database file "WHRI_6024A_Race_1.fasta"
Formatted 92 sequences in volume 0
SUCCESS: formatted database WHRI_6024A_Race_1.fasta

========================[ Dec 19, 2025  8:58 PM ]========================
Version 2.2.26 [Sep-21-2011]
Started database file "WHRI_6045_Race_6.fasta"
Formatted 107 sequences in volume 0
SUCCESS: formatted database WHRI_6045_Race_6.fasta

========================[ Dec 19, 2025  8:58 PM ]========================
Version 2.2.26 [Sep-21-2011]
Started database file "WHRI_6049_Race_6.fasta"
Formatted 118 sequences in volume 0
SUCCESS: formatted database WHRI_6049_Race_6.fasta

========================[ Dec 19, 2025  8:58 PM ]========================
Version 2.2.26 [Sep-21-2011]
Started database file "WHRI_6055_Race_1.fasta"
Formatted 85 sequences in volume 0
SUCCESS: formatted database WHRI_6055_Race_1.fasta

========================[ Dec 19, 2025  8:58 PM ]========================
Version 2.2.26 [Sep-21-2011]
Started database file "WHRI_6056_Race_6.fasta"
Formatted 1 sequences in volume 0
SUCCESS: formatted database WHRI_6056_Race_6.fasta

========================[ Dec 19, 2025  8:58 PM ]========================
Version 2.2.26 [Sep-21-2011]
Started database file "WHRI_6057_Race_6.fasta"
Formatted 119 sequences in volume 0
SUCCESS: formatted database WHRI_6057_Race_6.fasta

========================[ Dec 19, 2025  8:58 PM ]========================
Version 2.2.26 [Sep-21-2011]
Started database file "WHRI_6065_Race_6.fasta"
Formatted 132 sequences in volume 0
SUCCESS: formatted database WHRI_6065_Race_6.fasta

========================[ Dec 19, 2025  8:58 PM ]========================
Version 2.2.26 [Sep-21-2011]
Started database file "WHRI_6066_Race_6.fasta"
Formatted 1 sequences in volume 0
SUCCESS: formatted database WHRI_6066_Race_6.fasta

========================[ Dec 19, 2025  8:58 PM ]========================
Version 2.2.26 [Sep-21-2011]
Started database file "WHRI_6067_Race_4.fasta"
Formatted 81 sequences in volume 0
SUCCESS: formatted database WHRI_6067_Race_4.fasta

========================[ Dec 19, 2025  8:58 PM ]========================
Version 2.2.26 [Sep-21-2011]
Started database file "WHRI_6075_Race_6.fasta"
Formatted 107 sequences in volume 0
SUCCESS: formatted database WHRI_6075_Race_6.fasta

========================[ Dec 19, 2025  8:58 PM ]========================
Version 2.2.26 [Sep-21-2011]
Started database file "WHRI_6076_Race_6.fasta"
Formatted 123 sequences in volume 0
SUCCESS: formatted database WHRI_6076_Race_6.fasta

========================[ Dec 19, 2025  8:58 PM ]========================
Version 2.2.26 [Sep-21-2011]
Started database file "WHRI_6077_Race_6.fasta"
Formatted 128 sequences in volume 0
SUCCESS: formatted database WHRI_6077_Race_6.fasta

========================[ Dec 19, 2025  8:58 PM ]========================
Version 2.2.26 [Sep-21-2011]
Started database file "WHRI_6087_Race_1.fasta"
Formatted 114 sequences in volume 0
SUCCESS: formatted database WHRI_6087_Race_1.fasta

========================[ Dec 19, 2025  8:58 PM ]========================
Version 2.2.26 [Sep-21-2011]
Started database file "WHRI_6181Rx_Race_6.fasta"
Formatted 101 sequences in volume 0
SUCCESS: formatted database WHRI_6181Rx_Race_6.fasta

========================[ Dec 19, 2025  8:58 PM ]========================
Version 2.2.26 [Sep-21-2011]
Started database file "WHRI_6181_Race_6.fasta"
Formatted 101 sequences in volume 0
SUCCESS: formatted database WHRI_6181_Race_6.fasta

========================[ Dec 19, 2025  8:58 PM ]========================
Version 2.2.26 [Sep-21-2011]
Started database file "WHRI_6183_Race_1.fasta"
Formatted 79 sequences in volume 0
SUCCESS: formatted database WHRI_6183_Race_1.fasta

========================[ Dec 19, 2025  8:58 PM ]========================
Version 2.2.26 [Sep-21-2011]
Started database file "WHRI_6184_Race_1.fasta"
Formatted 89 sequences in volume 0
SUCCESS: formatted database WHRI_6184_Race_1.fasta

========================[ Dec 19, 2025  8:58 PM ]========================
Version 2.2.26 [Sep-21-2011]
Started database file "WHRI_6185_Race_6.fasta"
Formatted 92 sequences in volume 0
SUCCESS: formatted database WHRI_6185_Race_6.fasta

========================[ Dec 19, 2025  8:58 PM ]========================
Version 2.2.26 [Sep-21-2011]
Started database file "WHRI_6186_Race_1.fasta"
Formatted 102 sequences in volume 0
SUCCESS: formatted database WHRI_6186_Race_1.fasta

========================[ Dec 19, 2025  8:58 PM ]========================
Version 2.2.26 [Sep-21-2011]
Started database file "WHRI_6188_Race_4.fasta"
Formatted 115 sequences in volume 0
SUCCESS: formatted database WHRI_6188_Race_4.fasta

========================[ Dec 19, 2025  8:58 PM ]========================
Version 2.2.26 [Sep-21-2011]
Started database file "WHRI_6192_Race_1.fasta"
Formatted 99 sequences in volume 0
SUCCESS: formatted database WHRI_6192_Race_1.fasta

========================[ Dec 19, 2025  8:58 PM ]========================
Version 2.2.26 [Sep-21-2011]
Started database file "WHRI_6194_Race_4.fasta"
Formatted 114 sequences in volume 0
SUCCESS: formatted database WHRI_6194_Race_4.fasta

========================[ Dec 19, 2025  8:58 PM ]========================
Version 2.2.26 [Sep-21-2011]
Started database file "WHRI_6290_Race_1.fasta"
Formatted 96 sequences in volume 0
SUCCESS: formatted database WHRI_6290_Race_1.fasta

========================[ Dec 19, 2025  8:58 PM ]========================
Version 2.2.26 [Sep-21-2011]
Started database file "WHRI_6312A_Race_4.fasta"
Formatted 124 sequences in volume 0
SUCCESS: formatted database WHRI_6312A_Race_4.fasta

========================[ Dec 19, 2025  8:58 PM ]========================
Version 2.2.26 [Sep-21-2011]
Started database file "WHRI_6366_Race_4.fasta"
Formatted 105 sequences in volume 0
SUCCESS: formatted database WHRI_6366_Race_4.fasta

========================[ Dec 19, 2025  8:58 PM ]========================
Version 2.2.26 [Sep-21-2011]
Started database file "WHRI_6368_Race_4.fasta"
Formatted 109 sequences in volume 0
SUCCESS: formatted database WHRI_6368_Race_4.fasta

========================[ Dec 19, 2025  8:58 PM ]========================
Version 2.2.26 [Sep-21-2011]
Started database file "WHRI_6382_Race_5.fasta"
Formatted 90 sequences in volume 0
SUCCESS: formatted database WHRI_6382_Race_5.fasta

========================[ Dec 19, 2025  8:58 PM ]========================
Version 2.2.26 [Sep-21-2011]
Started database file "WHRI_7074_Race_1.fasta"
Formatted 90 sequences in volume 0
SUCCESS: formatted database WHRI_7074_Race_1.fasta

========================[ Dec 19, 2025  8:58 PM ]========================
Version 2.2.26 [Sep-21-2011]
Started database file "WHRI_8401_Race_4.fasta"
Formatted 100 sequences in volume 0
SUCCESS: formatted database WHRI_8401_Race_4.fasta

========================[ Dec 19, 2025  8:58 PM ]========================
Version 2.2.26 [Sep-21-2011]
Started database file "WHRI_8403_Race_6.fasta"
Formatted 92 sequences in volume 0
SUCCESS: formatted database WHRI_8403_Race_6.fasta

========================[ Dec 19, 2025  8:58 PM ]========================
Version 2.2.26 [Sep-21-2011]
Started database file "WHRI_8405_Race_5.fasta"
Formatted 68 sequences in volume 0
SUCCESS: formatted database WHRI_8405_Race_5.fasta

========================[ Dec 19, 2025  8:58 PM ]========================
Version 2.2.26 [Sep-21-2011]
Started database file "WHRI_8409_Race_1.fasta"
Formatted 72 sequences in volume 0
SUCCESS: formatted database WHRI_8409_Race_1.fasta

========================[ Dec 19, 2025  8:58 PM ]========================
Version 2.2.26 [Sep-21-2011]
Started database file "WHRI_8416A_Race_4.fasta"
Formatted 89 sequences in volume 0
SUCCESS: formatted database WHRI_8416A_Race_4.fasta

========================[ Dec 19, 2025  8:58 PM ]========================
Version 2.2.26 [Sep-21-2011]
Started database file "WHRI_8420A_Race_1.fasta"
Formatted 87 sequences in volume 0
SUCCESS: formatted database WHRI_8420A_Race_1.fasta

========================[ Dec 19, 2025  8:58 PM ]========================
Version 2.2.26 [Sep-21-2011]
Started database file "WHRI_8429A_Race_6.fasta"
Formatted 104 sequences in volume 0
SUCCESS: formatted database WHRI_8429A_Race_6.fasta

========================[ Dec 19, 2025  8:58 PM ]========================
Version 2.2.26 [Sep-21-2011]
Started database file "WHRI_8436_Race_4.fasta"
Formatted 95 sequences in volume 0
SUCCESS: formatted database WHRI_8436_Race_4.fasta

========================[ Dec 19, 2025  8:58 PM ]========================
Version 2.2.26 [Sep-21-2011]
Started database file "WHRI_8446_Race_6.fasta"
Formatted 91 sequences in volume 0
SUCCESS: formatted database WHRI_8446_Race_6.fasta

========================[ Dec 19, 2025  8:58 PM ]========================
Version 2.2.26 [Sep-21-2011]
Started database file "WHRI_8448A_Race_6.fasta"
Formatted 94 sequences in volume 0
SUCCESS: formatted database WHRI_8448A_Race_6.fasta

========================[ Dec 19, 2025  8:58 PM ]========================
Version 2.2.26 [Sep-21-2011]
Started database file "WHRI_8450A_Race_6.fasta"
Formatted 102 sequences in volume 0
SUCCESS: formatted database WHRI_8450A_Race_6.fasta

========================[ Dec 19, 2025  8:58 PM ]========================
Version 2.2.26 [Sep-21-2011]
Started database file "WHRI_8458A_Race_6.fasta"
Formatted 98 sequences in volume 0
SUCCESS: formatted database WHRI_8458A_Race_6.fasta

========================[ Dec 19, 2025  8:58 PM ]========================
Version 2.2.26 [Sep-21-2011]
Started database file "WHRI_8497_Race_6.fasta"
Formatted 1 sequences in volume 0
SUCCESS: formatted database WHRI_8497_Race_6.fasta

========================[ Dec 19, 2025  8:58 PM ]========================
Version 2.2.26 [Sep-21-2011]
Started database file "WHRI_8500_Race_6.fasta"
Formatted 82 sequences in volume 0
SUCCESS: formatted database WHRI_8500_Race_6.fasta

========================[ Dec 19, 2025  8:58 PM ]========================
Version 2.2.26 [Sep-21-2011]
Started database file "WHRI_8541_Race_1.fasta"
Formatted 77 sequences in volume 0
SUCCESS: formatted database WHRI_8541_Race_1.fasta

========================[ Dec 19, 2025  8:58 PM ]========================
Version 2.2.26 [Sep-21-2011]
Started database file "WHRI_8572_Race_1.fasta"
Formatted 130 sequences in volume 0
SUCCESS: formatted database WHRI_8572_Race_1.fasta

========================[ Dec 19, 2025  8:58 PM ]========================
Version 2.2.26 [Sep-21-2011]
Started database file "WHRI_8648_Race_4.fasta"
Formatted 99 sequences in volume 0
SUCCESS: formatted database WHRI_8648_Race_4.fasta

========================[ Dec 19, 2025  8:58 PM ]========================
Version 2.2.26 [Sep-21-2011]
Started database file "WHRI_8662_Race_1.fasta"
Formatted 94 sequences in volume 0
SUCCESS: formatted database WHRI_8662_Race_1.fasta

========================[ Dec 19, 2025  8:58 PM ]========================
Version 2.2.26 [Sep-21-2011]
Started database file "WHRI_8733_Race_1.fasta"
Formatted 91 sequences in volume 0
SUCCESS: formatted database WHRI_8733_Race_1.fasta

========================[ Dec 19, 2025  8:58 PM ]========================
Version 2.2.26 [Sep-21-2011]
Started database file "WHRI_8759_Race_1.fasta"
Formatted 99 sequences in volume 0
SUCCESS: formatted database WHRI_8759_Race_1.fasta

========================[ Dec 19, 2025  8:58 PM ]========================
Version 2.2.26 [Sep-21-2011]
Started database file "WHRI_8763_Race_1.fasta"
Formatted 92 sequences in volume 0
SUCCESS: formatted database WHRI_8763_Race_1.fasta

========================[ Dec 19, 2025  8:58 PM ]========================
Version 2.2.26 [Sep-21-2011]
Started database file "WHRI_8806_Race_6.fasta"
Formatted 115 sequences in volume 0
SUCCESS: formatted database WHRI_8806_Race_6.fasta

========================[ Dec 19, 2025  8:58 PM ]========================
Version 2.2.26 [Sep-21-2011]
Started database file "WHRI_8807_Race_6.fasta"
Formatted 92 sequences in volume 0
SUCCESS: formatted database WHRI_8807_Race_6.fasta

========================[ Dec 19, 2025  8:58 PM ]========================
Version 2.2.26 [Sep-21-2011]
Started database file "WHRI_8808_Race_6.fasta"
Formatted 99 sequences in volume 0
SUCCESS: formatted database WHRI_8808_Race_6.fasta

========================[ Dec 19, 2025  8:58 PM ]========================
Version 2.2.26 [Sep-21-2011]
Started database file "WHRI_8819_Race_3.fasta"
Formatted 89 sequences in volume 0
SUCCESS: formatted database WHRI_8819_Race_3.fasta

========================[ Dec 19, 2025  8:58 PM ]========================
Version 2.2.26 [Sep-21-2011]
Started database file "WHRI_8820_Race_3.fasta"
Formatted 76 sequences in volume 0
SUCCESS: formatted database WHRI_8820_Race_3.fasta

========================[ Dec 19, 2025  8:58 PM ]========================
Version 2.2.26 [Sep-21-2011]
Started database file "WHRI_8838_Race_9.fasta"
Formatted 104 sequences in volume 0
SUCCESS: formatted database WHRI_8838_Race_9.fasta

========================[ Dec 19, 2025  8:58 PM ]========================
Version 2.2.26 [Sep-21-2011]
Started database file "WHRI_8857_Race_1.fasta"
Formatted 64 sequences in volume 0
SUCCESS: formatted database WHRI_8857_Race_1.fasta

========================[ Dec 19, 2025  8:58 PM ]========================
Version 2.2.26 [Sep-21-2011]
Started database file "WHRI_8879_Race_9.fasta"
Formatted 73 sequences in volume 0
SUCCESS: formatted database WHRI_8879_Race_9.fasta

========================[ Dec 19, 2025  8:58 PM ]========================
Version 2.2.26 [Sep-21-2011]
Started database file "WHRI_8883_Race_6.fasta"
Formatted 69 sequences in volume 0
SUCCESS: formatted database WHRI_8883_Race_6.fasta

========================[ Dec 19, 2025  8:58 PM ]========================
Version 2.2.26 [Sep-21-2011]
Started database file "WHRI_8891A_Race_5.fasta"
Formatted 95 sequences in volume 0
SUCCESS: formatted database WHRI_8891A_Race_5.fasta

========================[ Dec 19, 2025  8:58 PM ]========================
Version 2.2.26 [Sep-21-2011]
Started database file "WHRI_8892A_Race_5.fasta"
Formatted 1 sequences in volume 0
SUCCESS: formatted database WHRI_8892A_Race_5.fasta

========================[ Dec 19, 2025  8:58 PM ]========================
Version 2.2.26 [Sep-21-2011]
Started database file "WHRI_8908_Race_5.fasta"
Formatted 100 sequences in volume 0
SUCCESS: formatted database WHRI_8908_Race_5.fasta

========================[ Dec 19, 2025  8:58 PM ]========================
Version 2.2.26 [Sep-21-2011]
Started database file "WHRI_8909A_Race_5.fasta"
Formatted 97 sequences in volume 0
SUCCESS: formatted database WHRI_8909A_Race_5.fasta

========================[ Dec 19, 2025  8:58 PM ]========================
Version 2.2.26 [Sep-21-2011]
Started database file "WHRI_8934A_Race_5.fasta"
Formatted 104 sequences in volume 0
SUCCESS: formatted database WHRI_8934A_Race_5.fasta

========================[ Dec 19, 2025  8:58 PM ]========================
Version 2.2.26 [Sep-21-2011]
Started database file "WHRI_8959A_Race_5.fasta"
Formatted 102 sequences in volume 0
SUCCESS: formatted database WHRI_8959A_Race_5.fasta

========================[ Dec 19, 2025  8:58 PM ]========================
Version 2.2.26 [Sep-21-2011]
Started database file "WHRI_8978_Race_4.fasta"
Formatted 2 sequences in volume 0
SUCCESS: formatted database WHRI_8978_Race_4.fasta

========================[ Dec 19, 2025  8:58 PM ]========================
Version 2.2.26 [Sep-21-2011]
Started database file "WHRI_8979_Race_5.fasta"
Formatted 76 sequences in volume 0
SUCCESS: formatted database WHRI_8979_Race_5.fasta

========================[ Dec 19, 2025  8:58 PM ]========================
Version 2.2.26 [Sep-21-2011]
Started database file "WHRI_8980_Race_5.fasta"
Formatted 57 sequences in volume 0
SUCCESS: formatted database WHRI_8980_Race_5.fasta

========================[ Dec 19, 2025  8:58 PM ]========================
Version 2.2.26 [Sep-21-2011]
Started database file "WHRI_8981_Race_5.fasta"
Formatted 53 sequences in volume 0
SUCCESS: formatted database WHRI_8981_Race_5.fasta

========================[ Dec 19, 2025  8:58 PM ]========================
Version 2.2.26 [Sep-21-2011]
Started database file "Xcr_NCPPB_1946.fasta"
Formatted 53 sequences in volume 0
SUCCESS: formatted database Xcr_NCPPB_1946.fasta
