-- Executing input file sanitization
WARNING  17/12 09:58:52   Fasta header too long: renamed "JAYIMJ010000009.1_pepQ_to_ssrS" to "c00001_JAYIMJ0.."
-- Finished sanitization of input file: cagecat/jobs/R163F699G991O15/uploads/06_WHRI_3964.pepQ_to_ssrS.gbk
-- Executing input file sanitization
WARNING  17/12 09:58:56   Fasta header too long: renamed "JAYIOD010000027.1_pepQ_to_ssrS" to "c00001_JAYIOD0.."
-- Finished sanitization of input file: cagecat/jobs/R163F699G991O15/uploads/27_WHRI_3830A.pepQ_to_ssrS.gbk
-- Executing input file sanitization
WARNING  17/12 09:59:00   Fasta header too long: renamed "JAYIRW010000018.1_pepQ_to_ssrS" to "c00001_JAYIRW0.."
-- Finished sanitization of input file: cagecat/jobs/R163F699G991O15/uploads/09_WHRI_8416A.pepQ_to_ssrS.gbk
-- Executing input file sanitization
WARNING  17/12 09:59:04   Fasta header too long: renamed "JAYIOJ010000023.1_pepQ_to_ssrS" to "c00001_JAYIOJ0.."
-- Finished sanitization of input file: cagecat/jobs/R163F699G991O15/uploads/19_WHRI_6067.pepQ_to_ssrS.gbk
-- Executing input file sanitization
WARNING  17/12 09:59:08   Fasta header too long: renamed "JAYIQT010000026.1_pepQ_to_ssrS" to "c00001_JAYIQT0.."
-- Finished sanitization of input file: cagecat/jobs/R163F699G991O15/uploads/20_WHRI_8820.pepQ_to_ssrS.gbk
-- Executing input file sanitization
WARNING  17/12 09:59:12   Fasta header too long: renamed "JAYIUG010000016.1_pepQ_to_ssrS" to "c00001_JAYIUG0.."
-- Finished sanitization of input file: cagecat/jobs/R163F699G991O15/uploads/23_WHRI_8979.pepQ_to_ssrS.gbk
-- Executing input file sanitization
WARNING  17/12 09:59:17   Fasta header too long: renamed "JAUIPU010000012.1_pepQ_to_ssrS" to "c00001_JAUIPU0.."
-- Finished sanitization of input file: cagecat/jobs/R163F699G991O15/uploads/14_WHRI_8909A.pepQ_to_ssrS.gbk
-- Executing input file sanitization
WARNING  17/12 09:59:21   Fasta header too long: renamed "JAYIRI010000005.1_pepQ_to_ssrS" to "c00001_JAYIRI0.."
-- Finished sanitization of input file: cagecat/jobs/R163F699G991O15/uploads/04_WHRI_6185.pepQ_to_ssrS.gbk
-- Executing input file sanitization
WARNING  17/12 09:59:25   Fasta header too long: renamed "JAYIRO010000023.1_pepQ_to_ssrS" to "c00001_JAYIRO0.."
-- Finished sanitization of input file: cagecat/jobs/R163F699G991O15/uploads/17.5_WHRI_8879.pepQ_to_ssrS.gbk
-- Executing input file sanitization
WARNING  17/12 09:59:29   Fasta header too long: renamed "JAYIPB010000006.1_pepQ_to_ssrS" to "c00001_JAYIPB0.."
-- Finished sanitization of input file: cagecat/jobs/R163F699G991O15/uploads/04_WHRI_6077.pepQ_to_ssrS.gbk
-- Executing input file sanitization
WARNING  17/12 09:59:33   Fasta header too long: renamed "JAUIPY010000012.1_pepQ_to_ssrS" to "c00001_JAUIPY0.."
-- Finished sanitization of input file: cagecat/jobs/R163F699G991O15/uploads/26_WHRI_5588.pepQ_to_ssrS.gbk
-- Executing input file sanitization
WARNING  17/12 09:59:37   Fasta header too long: renamed "JAYIRH010000004.1_pepQ_to_ssrS" to "c00001_JAYIRH0.."
-- Finished sanitization of input file: cagecat/jobs/R163F699G991O15/uploads/11_WHRI_6183.pepQ_to_ssrS.gbk
-- Executing input file sanitization
WARNING  17/12 09:59:40   Fasta header too long: renamed "JAYISZ010000008.1_pepQ_to_ssrS" to "c00001_JAYISZ0.."
-- Finished sanitization of input file: cagecat/jobs/R163F699G991O15/uploads/07_WHRI_10023A.pepQ_to_ssrS.gbk
-- Executing input file sanitization
WARNING  17/12 09:59:44   Fasta header too long: renamed "JAYIPR010000018.1_pepQ_to_ssrS" to "c00001_JAYIPR0.."
-- Finished sanitization of input file: cagecat/jobs/R163F699G991O15/uploads/32_WHRI_6194.pepQ_to_ssrS.gbk
-- Executing input file sanitization
WARNING  17/12 09:59:48   Fasta header too long: renamed "JAYIUI010000023.1_pepQ_to_ssrS" to "c00001_JAYIUI0.."
-- Finished sanitization of input file: cagecat/jobs/R163F699G991O15/uploads/16_WHRI_8981.pepQ_to_ssrS.gbk
-- Executing input file sanitization
WARNING  17/12 09:59:52   Fasta header too long: renamed "JAYITN010000016.1_pepQ_to_ssrS" to "c00001_JAYITN0.."
-- Finished sanitization of input file: cagecat/jobs/R163F699G991O15/uploads/22_WHRI_8405.pepQ_to_ssrS.gbk
-- Executing input file sanitization
WARNING  17/12 09:59:56   Fasta header too long: renamed "JAUINF010000027.1_pepQ_to_ssrS" to "c00001_JAUINF0.."
-- Finished sanitization of input file: cagecat/jobs/R163F699G991O15/uploads/29_WHRI_5630.pepQ_to_ssrS.gbk
-- Executing input file sanitization
WARNING  17/12 10:00:00   Fasta header too long: renamed "JAYITP010000016.1_pepQ_to_ssrS" to "c00001_JAYITP0.."
-- Finished sanitization of input file: cagecat/jobs/R163F699G991O15/uploads/10_WHRI_8648.pepQ_to_ssrS.gbk
-- Executing input file sanitization
WARNING  17/12 10:00:04   Fasta header too long: renamed "JAUIOP010000029.1_pepQ_to_ssrS" to "c00001_JAUIOP0.."
-- Finished sanitization of input file: cagecat/jobs/R163F699G991O15/uploads/31_WHRI_5802.pepQ_to_ssrS.gbk
-- Executing input file sanitization
WARNING  17/12 10:00:08   Fasta header too long: renamed "JAYITV010000003.1_pepQ_to_ssrS" to "c00001_JAYITV0.."
-- Finished sanitization of input file: cagecat/jobs/R163F699G991O15/uploads/12_WHRI_8541.pepQ_to_ssrS.gbk
-- Executing input file sanitization
WARNING  17/12 10:00:13   Fasta header too long: renamed "JAYITA010000004.1_pepQ_to_ssrS" to "c00001_JAYITA0.."
-- Finished sanitization of input file: cagecat/jobs/R163F699G991O15/uploads/03_WHRI_10024A.pepQ_to_ssrS.gbk
-- Executing input file sanitization
WARNING  17/12 10:00:17   Fasta header too long: renamed "JAYIOU010000028.1_pepQ_to_ssrS" to "c00001_JAYIOU0.."
-- Finished sanitization of input file: cagecat/jobs/R163F699G991O15/uploads/30_WHRI_6022A.pepQ_to_ssrS.gbk
-- Executing input file sanitization
WARNING  17/12 10:00:21   Fasta header too long: renamed "JAUIPD010000019.1_pepQ_to_ssrS" to "c00001_JAUIPD0.."
-- Finished sanitization of input file: cagecat/jobs/R163F699G991O15/uploads/28_WHRI_6018A.pepQ_to_ssrS.gbk
-- Executing input file sanitization
WARNING  17/12 10:00:25   Fasta header too long: renamed "JAYIMU010000019.1_pepQ_to_ssrS" to "c00001_JAYIMU0.."
-- Finished sanitization of input file: cagecat/jobs/R163F699G991O15/uploads/05_WHRI_8436.pepQ_to_ssrS.gbk
-- Executing input file sanitization
WARNING  17/12 10:00:29   Fasta header too long: renamed "JAYISB010000016.1_pepQ_to_ssrS" to "c00001_JAYISB0.."
-- Finished sanitization of input file: cagecat/jobs/R163F699G991O15/uploads/08_WHRI_8401.pepQ_to_ssrS.gbk
-- Executing input file sanitization
WARNING  17/12 10:00:32   Fasta header too long: renamed "JAUIPT010000015.1_pepQ_to_ssrS" to "c00001_JAUIPT0.."
-- Finished sanitization of input file: cagecat/jobs/R163F699G991O15/uploads/15_WHRI_8908.pepQ_to_ssrS.gbk
-- Executing input file sanitization
WARNING  17/12 10:00:37   Fasta header too long: renamed "JAYIRO010000023.1_pepQ_to_ssrS" to "c00001_JAYIRO0.."
-- Finished sanitization of input file: cagecat/jobs/R163F699G991O15/uploads/18_WHRI_8879.pepQ_to_ssrS.gbk
-- Executing input file sanitization
WARNING  17/12 10:00:41   Fasta header too long: renamed "JAYINA010000001.1_pepQ_to_ssrS" to "c00001_JAYINA0.."
-- Finished sanitization of input file: cagecat/jobs/R163F699G991O15/uploads/13_WHRI_8450A.pepQ_to_ssrS.gbk
-- Executing input file sanitization
WARNING  17/12 10:00:45   Fasta header too long: renamed "JAUINU010000025.1_pepQ_to_ssrS" to "c00001_JAUINU0.."
-- Finished sanitization of input file: cagecat/jobs/R163F699G991O15/uploads/24_WHRI_5737.pepQ_to_ssrS.gbk
-- Executing input file sanitization
WARNING  17/12 10:00:49   Fasta header too long: renamed "JAYIUH010000019.1_pepQ_to_ssrS" to "c00001_JAYIUH0.."
-- Finished sanitization of input file: cagecat/jobs/R163F699G991O15/uploads/17_WHRI_8980.pepQ_to_ssrS.gbk
-- Executing input file sanitization
WARNING  17/12 10:00:53   Fasta header too long: renamed "JAYITL010000020.1_pepQ_to_ssrS" to "c00001_JAYITL0.."
-- Finished sanitization of input file: cagecat/jobs/R163F699G991O15/uploads/33_WHRI_8763.pepQ_to_ssrS.gbk
-- Executing input file sanitization
WARNING  17/12 10:00:57   Fasta header too long: renamed "JAYINQ010000002.1_pepQ_to_ssrS" to "c00001_JAYINQ0.."
-- Finished sanitization of input file: cagecat/jobs/R163F699G991O15/uploads/02_WHRI_6049.pepQ_to_ssrS.gbk
-- Executing input file sanitization
WARNING  17/12 10:01:00   Fasta header too long: renamed "JAYITI010000002.1_pepQ_to_ssrS" to "c00001_JAYITI0.."
-- Finished sanitization of input file: cagecat/jobs/R163F699G991O15/uploads/01_WHRI_8500.pepQ_to_ssrS.gbk
-- Executing input file sanitization
WARNING  17/12 10:01:05   Fasta header too long: renamed "JAUIPQ010000015.1_pepQ_to_ssrS" to "c00001_JAUIPQ0.."
-- Finished sanitization of input file: cagecat/jobs/R163F699G991O15/uploads/21_WHRI_8819.pepQ_to_ssrS.gbk
-- Executing input file sanitization
WARNING  17/12 10:01:09   Fasta header too long: renamed "JAYIRU010000017.1_pepQ_to_ssrS" to "c00001_JAYIRU0.."
-- Finished sanitization of input file: cagecat/jobs/R163F699G991O15/uploads/34_WHRI_8733_.pepQ_to_ssrS.gbk
[10:01:13] INFO - Starting clinker
[10:01:13] INFO - Parsing files:
[10:01:13] INFO -   R163F699G991O15_4.gbk
[10:01:13] INFO -   R163F699G991O15_20.gbk
[10:01:13] INFO -   R163F699G991O15_9.gbk
[10:01:13] INFO -   R163F699G991O15_29.gbk
[10:01:13] INFO -   R163F699G991O15_3.gbk
[10:01:13] INFO -   R163F699G991O15_31.gbk
[10:01:13] INFO -   R163F699G991O15_30.gbk
[10:01:13] INFO -   R163F699G991O15_15.gbk
[10:01:13] INFO -   R163F699G991O15_32.gbk
[10:01:13] INFO -   R163F699G991O15_24.gbk
[10:01:13] INFO -   R163F699G991O15_7.gbk
[10:01:13] INFO -   R163F699G991O15_10.gbk
[10:01:13] INFO -   R163F699G991O15_12.gbk
[10:01:13] INFO -   R163F699G991O15_33.gbk
[10:01:13] INFO -   R163F699G991O15_13.gbk
[10:01:13] INFO -   R163F699G991O15.gbk
[10:01:13] INFO -   R163F699G991O15_17.gbk
[10:01:13] INFO -   R163F699G991O15_14.gbk
[10:01:13] INFO -   R163F699G991O15_2.gbk
[10:01:13] INFO -   R163F699G991O15_25.gbk
[10:01:13] INFO -   R163F699G991O15_23.gbk
[10:01:13] INFO -   R163F699G991O15_19.gbk
[10:01:13] INFO -   R163F699G991O15_16.gbk
[10:01:13] INFO -   R163F699G991O15_18.gbk
[10:01:13] INFO -   R163F699G991O15_1.gbk
[10:01:13] INFO -   R163F699G991O15_11.gbk
[10:01:13] INFO -   R163F699G991O15_22.gbk
[10:01:13] INFO -   R163F699G991O15_27.gbk
[10:01:13] INFO -   R163F699G991O15_21.gbk
[10:01:13] INFO -   R163F699G991O15_8.gbk
[10:01:13] INFO -   R163F699G991O15_28.gbk
[10:01:13] INFO -   R163F699G991O15_26.gbk
[10:01:13] INFO -   R163F699G991O15_34.gbk
[10:01:13] INFO -   R163F699G991O15_6.gbk
[10:01:13] INFO -   R163F699G991O15_5.gbk
[10:01:13] INFO - Starting cluster alignments
[10:01:13] INFO - R163F699G991O15_4 vs R163F699G991O15_20
[10:01:13] INFO - R163F699G991O15_9 vs R163F699G991O15_10
[10:01:13] INFO - R163F699G991O15_9 vs R163F699G991O15_12
[10:01:13] INFO - R163F699G991O15_4 vs R163F699G991O15_9
[10:01:13] INFO - R163F699G991O15_9 vs R163F699G991O15_33
[10:01:13] INFO - R163F699G991O15_4 vs R163F699G991O15_29
[10:01:13] INFO - R163F699G991O15_9 vs R163F699G991O15_13
[10:01:13] INFO - R163F699G991O15_4 vs R163F699G991O15_3
[10:01:13] INFO - R163F699G991O15_9 vs R163F699G991O15
[10:01:13] INFO - R163F699G991O15_4 vs R163F699G991O15_31
[10:01:13] INFO - R163F699G991O15_9 vs R163F699G991O15_17
[10:01:13] INFO - R163F699G991O15_4 vs R163F699G991O15_30
[10:01:13] INFO - R163F699G991O15_9 vs R163F699G991O15_14
[10:01:13] INFO - R163F699G991O15_4 vs R163F699G991O15_15
[10:01:13] INFO - R163F699G991O15_9 vs R163F699G991O15_2
[10:01:13] INFO - R163F699G991O15_4 vs R163F699G991O15_32
[10:01:13] INFO - R163F699G991O15_9 vs R163F699G991O15_25
[10:01:13] INFO - R163F699G991O15_4 vs R163F699G991O15_24
[10:01:13] INFO - R163F699G991O15_9 vs R163F699G991O15_23
[10:01:13] INFO - R163F699G991O15_4 vs R163F699G991O15_7
[10:01:13] INFO - R163F699G991O15_9 vs R163F699G991O15_19
[10:01:13] INFO - R163F699G991O15_4 vs R163F699G991O15_10
[10:01:13] INFO - R163F699G991O15_9 vs R163F699G991O15_16
[10:01:13] INFO - R163F699G991O15_4 vs R163F699G991O15_12
[10:01:13] INFO - R163F699G991O15_9 vs R163F699G991O15_18
[10:01:13] INFO - R163F699G991O15_4 vs R163F699G991O15_33
[10:01:13] INFO - R163F699G991O15_9 vs R163F699G991O15_1
[10:01:13] INFO - R163F699G991O15_4 vs R163F699G991O15_13
[10:01:13] INFO - R163F699G991O15_9 vs R163F699G991O15_11
[10:01:13] INFO - R163F699G991O15_4 vs R163F699G991O15
[10:01:13] INFO - R163F699G991O15_9 vs R163F699G991O15_22
[10:01:13] INFO - R163F699G991O15_4 vs R163F699G991O15_17
[10:01:13] INFO - R163F699G991O15_9 vs R163F699G991O15_27
[10:01:13] INFO - R163F699G991O15_4 vs R163F699G991O15_14
[10:01:13] INFO - R163F699G991O15_9 vs R163F699G991O15_21
[10:01:13] INFO - R163F699G991O15_9 vs R163F699G991O15_8
[10:01:13] INFO - R163F699G991O15_4 vs R163F699G991O15_2
[10:01:13] INFO - R163F699G991O15_9 vs R163F699G991O15_28
[10:01:13] INFO - R163F699G991O15_4 vs R163F699G991O15_25
[10:01:13] INFO - R163F699G991O15_9 vs R163F699G991O15_26
[10:01:13] INFO - R163F699G991O15_4 vs R163F699G991O15_23
[10:01:13] INFO - R163F699G991O15_9 vs R163F699G991O15_34
[10:01:13] INFO - R163F699G991O15_4 vs R163F699G991O15_19
[10:01:13] INFO - R163F699G991O15_9 vs R163F699G991O15_6
[10:01:13] INFO - R163F699G991O15_4 vs R163F699G991O15_16
[10:01:14] INFO - R163F699G991O15_9 vs R163F699G991O15_5
[10:01:14] INFO - R163F699G991O15_4 vs R163F699G991O15_18
[10:01:14] INFO - R163F699G991O15_29 vs R163F699G991O15_3
[10:01:14] INFO - R163F699G991O15_4 vs R163F699G991O15_1
[10:01:14] INFO - R163F699G991O15_29 vs R163F699G991O15_31
[10:01:14] INFO - R163F699G991O15_4 vs R163F699G991O15_11
[10:01:14] INFO - R163F699G991O15_29 vs R163F699G991O15_30
[10:01:14] INFO - R163F699G991O15_4 vs R163F699G991O15_22
[10:01:14] INFO - R163F699G991O15_29 vs R163F699G991O15_15
[10:01:14] INFO - R163F699G991O15_4 vs R163F699G991O15_27
[10:01:14] INFO - R163F699G991O15_29 vs R163F699G991O15_32
[10:01:14] INFO - R163F699G991O15_4 vs R163F699G991O15_21
[10:01:14] INFO - R163F699G991O15_29 vs R163F699G991O15_24
[10:01:14] INFO - R163F699G991O15_4 vs R163F699G991O15_8
[10:01:14] INFO - R163F699G991O15_29 vs R163F699G991O15_7
[10:01:14] INFO - R163F699G991O15_4 vs R163F699G991O15_28
[10:01:14] INFO - R163F699G991O15_29 vs R163F699G991O15_10
[10:01:14] INFO - R163F699G991O15_4 vs R163F699G991O15_26
[10:01:14] INFO - R163F699G991O15_29 vs R163F699G991O15_12
[10:01:14] INFO - R163F699G991O15_4 vs R163F699G991O15_34
[10:01:14] INFO - R163F699G991O15_29 vs R163F699G991O15_33
[10:01:14] INFO - R163F699G991O15_4 vs R163F699G991O15_6
[10:01:14] INFO - R163F699G991O15_29 vs R163F699G991O15_13
[10:01:14] INFO - R163F699G991O15_4 vs R163F699G991O15_5
[10:01:14] INFO - R163F699G991O15_29 vs R163F699G991O15
[10:01:14] INFO - R163F699G991O15_20 vs R163F699G991O15_9
[10:01:14] INFO - R163F699G991O15_29 vs R163F699G991O15_17
[10:01:14] INFO - R163F699G991O15_20 vs R163F699G991O15_29
[10:01:14] INFO - R163F699G991O15_29 vs R163F699G991O15_14
[10:01:14] INFO - R163F699G991O15_20 vs R163F699G991O15_3
[10:01:14] INFO - R163F699G991O15_29 vs R163F699G991O15_2
[10:01:14] INFO - R163F699G991O15_20 vs R163F699G991O15_31
[10:01:14] INFO - R163F699G991O15_29 vs R163F699G991O15_25
[10:01:14] INFO - R163F699G991O15_20 vs R163F699G991O15_30
[10:01:14] INFO - R163F699G991O15_20 vs R163F699G991O15_15
[10:01:14] INFO - R163F699G991O15_29 vs R163F699G991O15_23
[10:01:14] INFO - R163F699G991O15_20 vs R163F699G991O15_32
[10:01:14] INFO - R163F699G991O15_29 vs R163F699G991O15_19
[10:01:14] INFO - R163F699G991O15_20 vs R163F699G991O15_24
[10:01:14] INFO - R163F699G991O15_29 vs R163F699G991O15_16
[10:01:14] INFO - R163F699G991O15_20 vs R163F699G991O15_7
[10:01:14] INFO - R163F699G991O15_29 vs R163F699G991O15_18
[10:01:14] INFO - R163F699G991O15_20 vs R163F699G991O15_10
[10:01:14] INFO - R163F699G991O15_29 vs R163F699G991O15_1
[10:01:14] INFO - R163F699G991O15_20 vs R163F699G991O15_12
[10:01:14] INFO - R163F699G991O15_29 vs R163F699G991O15_11
[10:01:14] INFO - R163F699G991O15_20 vs R163F699G991O15_33
[10:01:14] INFO - R163F699G991O15_29 vs R163F699G991O15_22
[10:01:14] INFO - R163F699G991O15_20 vs R163F699G991O15_13
[10:01:14] INFO - R163F699G991O15_29 vs R163F699G991O15_27
[10:01:14] INFO - R163F699G991O15_20 vs R163F699G991O15
[10:01:14] INFO - R163F699G991O15_29 vs R163F699G991O15_21
[10:01:15] INFO - R163F699G991O15_20 vs R163F699G991O15_17
[10:01:15] INFO - R163F699G991O15_29 vs R163F699G991O15_8
[10:01:15] INFO - R163F699G991O15_20 vs R163F699G991O15_14
[10:01:15] INFO - R163F699G991O15_29 vs R163F699G991O15_28
[10:01:15] INFO - R163F699G991O15_20 vs R163F699G991O15_2
[10:01:15] INFO - R163F699G991O15_29 vs R163F699G991O15_26
[10:01:15] INFO - R163F699G991O15_20 vs R163F699G991O15_25
[10:01:15] INFO - R163F699G991O15_29 vs R163F699G991O15_34
[10:01:15] INFO - R163F699G991O15_20 vs R163F699G991O15_23
[10:01:15] INFO - R163F699G991O15_29 vs R163F699G991O15_6
[10:01:15] INFO - R163F699G991O15_20 vs R163F699G991O15_19
[10:01:15] INFO - R163F699G991O15_29 vs R163F699G991O15_5
[10:01:15] INFO - R163F699G991O15_20 vs R163F699G991O15_16
[10:01:15] INFO - R163F699G991O15_20 vs R163F699G991O15_18
[10:01:15] INFO - R163F699G991O15_3 vs R163F699G991O15_31
[10:01:15] INFO - R163F699G991O15_20 vs R163F699G991O15_1
[10:01:15] INFO - R163F699G991O15_3 vs R163F699G991O15_30
[10:01:15] INFO - R163F699G991O15_20 vs R163F699G991O15_11
[10:01:15] INFO - R163F699G991O15_3 vs R163F699G991O15_15
[10:01:15] INFO - R163F699G991O15_20 vs R163F699G991O15_22
[10:01:15] INFO - R163F699G991O15_3 vs R163F699G991O15_32
[10:01:15] INFO - R163F699G991O15_20 vs R163F699G991O15_27
[10:01:15] INFO - R163F699G991O15_3 vs R163F699G991O15_24
[10:01:15] INFO - R163F699G991O15_20 vs R163F699G991O15_21
[10:01:15] INFO - R163F699G991O15_3 vs R163F699G991O15_7
[10:01:15] INFO - R163F699G991O15_20 vs R163F699G991O15_8
[10:01:15] INFO - R163F699G991O15_3 vs R163F699G991O15_10
[10:01:15] INFO - R163F699G991O15_20 vs R163F699G991O15_28
[10:01:15] INFO - R163F699G991O15_3 vs R163F699G991O15_12
[10:01:15] INFO - R163F699G991O15_20 vs R163F699G991O15_26
[10:01:15] INFO - R163F699G991O15_3 vs R163F699G991O15_33
[10:01:15] INFO - R163F699G991O15_20 vs R163F699G991O15_34
[10:01:15] INFO - R163F699G991O15_3 vs R163F699G991O15_13
[10:01:15] INFO - R163F699G991O15_20 vs R163F699G991O15_6
[10:01:15] INFO - R163F699G991O15_3 vs R163F699G991O15
[10:01:15] INFO - R163F699G991O15_20 vs R163F699G991O15_5
[10:01:15] INFO - R163F699G991O15_3 vs R163F699G991O15_17
[10:01:15] INFO - R163F699G991O15_9 vs R163F699G991O15_29
[10:01:15] INFO - R163F699G991O15_3 vs R163F699G991O15_14
[10:01:15] INFO - R163F699G991O15_3 vs R163F699G991O15_2
[10:01:15] INFO - R163F699G991O15_9 vs R163F699G991O15_3
[10:01:15] INFO - R163F699G991O15_3 vs R163F699G991O15_25
[10:01:15] INFO - R163F699G991O15_9 vs R163F699G991O15_31
[10:01:15] INFO - R163F699G991O15_9 vs R163F699G991O15_30
[10:01:15] INFO - R163F699G991O15_3 vs R163F699G991O15_23
[10:01:15] INFO - R163F699G991O15_9 vs R163F699G991O15_15
[10:01:15] INFO - R163F699G991O15_3 vs R163F699G991O15_19
[10:01:15] INFO - R163F699G991O15_3 vs R163F699G991O15_16
[10:01:15] INFO - R163F699G991O15_9 vs R163F699G991O15_32
[10:01:15] INFO - R163F699G991O15_9 vs R163F699G991O15_24
[10:01:15] INFO - R163F699G991O15_3 vs R163F699G991O15_18
[10:01:15] INFO - R163F699G991O15_9 vs R163F699G991O15_7
[10:01:15] INFO - R163F699G991O15_3 vs R163F699G991O15_1
[10:01:16] INFO - R163F699G991O15_3 vs R163F699G991O15_11
[10:01:16] INFO - R163F699G991O15_15 vs R163F699G991O15_17
[10:01:16] INFO - R163F699G991O15_3 vs R163F699G991O15_22
[10:01:16] INFO - R163F699G991O15_15 vs R163F699G991O15_14
[10:01:16] INFO - R163F699G991O15_3 vs R163F699G991O15_27
[10:01:16] INFO - R163F699G991O15_15 vs R163F699G991O15_2
[10:01:16] INFO - R163F699G991O15_3 vs R163F699G991O15_21
[10:01:16] INFO - R163F699G991O15_15 vs R163F699G991O15_25
[10:01:16] INFO - R163F699G991O15_3 vs R163F699G991O15_8
[10:01:16] INFO - R163F699G991O15_15 vs R163F699G991O15_23
[10:01:16] INFO - R163F699G991O15_3 vs R163F699G991O15_28
[10:01:16] INFO - R163F699G991O15_15 vs R163F699G991O15_19
[10:01:16] INFO - R163F699G991O15_3 vs R163F699G991O15_26
[10:01:16] INFO - R163F699G991O15_15 vs R163F699G991O15_16
[10:01:16] INFO - R163F699G991O15_3 vs R163F699G991O15_34
[10:01:16] INFO - R163F699G991O15_15 vs R163F699G991O15_18
[10:01:16] INFO - R163F699G991O15_3 vs R163F699G991O15_6
[10:01:16] INFO - R163F699G991O15_15 vs R163F699G991O15_1
[10:01:16] INFO - R163F699G991O15_3 vs R163F699G991O15_5
[10:01:16] INFO - R163F699G991O15_15 vs R163F699G991O15_11
[10:01:16] INFO - R163F699G991O15_31 vs R163F699G991O15_30
[10:01:16] INFO - R163F699G991O15_15 vs R163F699G991O15_22
[10:01:16] INFO - R163F699G991O15_31 vs R163F699G991O15_15
[10:01:16] INFO - R163F699G991O15_15 vs R163F699G991O15_27
[10:01:16] INFO - R163F699G991O15_31 vs R163F699G991O15_32
[10:01:16] INFO - R163F699G991O15_15 vs R163F699G991O15_21
[10:01:16] INFO - R163F699G991O15_31 vs R163F699G991O15_24
[10:01:16] INFO - R163F699G991O15_15 vs R163F699G991O15_8
[10:01:16] INFO - R163F699G991O15_31 vs R163F699G991O15_7
[10:01:16] INFO - R163F699G991O15_15 vs R163F699G991O15_28
[10:01:16] INFO - R163F699G991O15_31 vs R163F699G991O15_10
[10:01:16] INFO - R163F699G991O15_15 vs R163F699G991O15_26
[10:01:16] INFO - R163F699G991O15_31 vs R163F699G991O15_12
[10:01:16] INFO - R163F699G991O15_15 vs R163F699G991O15_34
[10:01:16] INFO - R163F699G991O15_31 vs R163F699G991O15_33
[10:01:16] INFO - R163F699G991O15_15 vs R163F699G991O15_6
[10:01:16] INFO - R163F699G991O15_31 vs R163F699G991O15_13
[10:01:16] INFO - R163F699G991O15_15 vs R163F699G991O15_5
[10:01:16] INFO - R163F699G991O15_31 vs R163F699G991O15
[10:01:16] INFO - R163F699G991O15_32 vs R163F699G991O15_24
[10:01:16] INFO - R163F699G991O15_31 vs R163F699G991O15_17
[10:01:16] INFO - R163F699G991O15_32 vs R163F699G991O15_7
[10:01:16] INFO - R163F699G991O15_31 vs R163F699G991O15_14
[10:01:16] INFO - R163F699G991O15_32 vs R163F699G991O15_10
[10:01:16] INFO - R163F699G991O15_31 vs R163F699G991O15_2
[10:01:16] INFO - R163F699G991O15_32 vs R163F699G991O15_12
[10:01:16] INFO - R163F699G991O15_31 vs R163F699G991O15_25
[10:01:16] INFO - R163F699G991O15_32 vs R163F699G991O15_33
[10:01:16] INFO - R163F699G991O15_31 vs R163F699G991O15_23
[10:01:16] INFO - R163F699G991O15_32 vs R163F699G991O15_13
[10:01:16] INFO - R163F699G991O15_31 vs R163F699G991O15_19
[10:01:17] INFO - R163F699G991O15_32 vs R163F699G991O15
[10:01:17] INFO - R163F699G991O15_31 vs R163F699G991O15_16
[10:01:17] INFO - R163F699G991O15_32 vs R163F699G991O15_17
[10:01:17] INFO - R163F699G991O15_31 vs R163F699G991O15_18
[10:01:17] INFO - R163F699G991O15_32 vs R163F699G991O15_14
[10:01:17] INFO - R163F699G991O15_31 vs R163F699G991O15_1
[10:01:17] INFO - R163F699G991O15_32 vs R163F699G991O15_2
[10:01:17] INFO - R163F699G991O15_31 vs R163F699G991O15_11
[10:01:17] INFO - R163F699G991O15_32 vs R163F699G991O15_25
[10:01:17] INFO - R163F699G991O15_31 vs R163F699G991O15_22
[10:01:17] INFO - R163F699G991O15_32 vs R163F699G991O15_23
[10:01:17] INFO - R163F699G991O15_31 vs R163F699G991O15_27
[10:01:17] INFO - R163F699G991O15_32 vs R163F699G991O15_19
[10:01:17] INFO - R163F699G991O15_31 vs R163F699G991O15_21
[10:01:17] INFO - R163F699G991O15_32 vs R163F699G991O15_16
[10:01:17] INFO - R163F699G991O15_31 vs R163F699G991O15_8
[10:01:17] INFO - R163F699G991O15_32 vs R163F699G991O15_18
[10:01:17] INFO - R163F699G991O15_31 vs R163F699G991O15_28
[10:01:17] INFO - R163F699G991O15_32 vs R163F699G991O15_1
[10:01:17] INFO - R163F699G991O15_31 vs R163F699G991O15_26
[10:01:17] INFO - R163F699G991O15_32 vs R163F699G991O15_11
[10:01:17] INFO - R163F699G991O15_31 vs R163F699G991O15_34
[10:01:17] INFO - R163F699G991O15_32 vs R163F699G991O15_22
[10:01:17] INFO - R163F699G991O15_31 vs R163F699G991O15_6
[10:01:17] INFO - R163F699G991O15_32 vs R163F699G991O15_27
[10:01:17] INFO - R163F699G991O15_31 vs R163F699G991O15_5
[10:01:17] INFO - R163F699G991O15_32 vs R163F699G991O15_21
[10:01:17] INFO - R163F699G991O15_30 vs R163F699G991O15_15
[10:01:17] INFO - R163F699G991O15_32 vs R163F699G991O15_8
[10:01:17] INFO - R163F699G991O15_30 vs R163F699G991O15_32
[10:01:17] INFO - R163F699G991O15_32 vs R163F699G991O15_28
[10:01:17] INFO - R163F699G991O15_30 vs R163F699G991O15_24
[10:01:17] INFO - R163F699G991O15_32 vs R163F699G991O15_26
[10:01:17] INFO - R163F699G991O15_30 vs R163F699G991O15_7
[10:01:17] INFO - R163F699G991O15_32 vs R163F699G991O15_34
[10:01:17] INFO - R163F699G991O15_30 vs R163F699G991O15_10
[10:01:17] INFO - R163F699G991O15_32 vs R163F699G991O15_6
[10:01:17] INFO - R163F699G991O15_30 vs R163F699G991O15_12
[10:01:17] INFO - R163F699G991O15_30 vs R163F699G991O15_33
[10:01:17] INFO - R163F699G991O15_32 vs R163F699G991O15_5
[10:01:17] INFO - R163F699G991O15_30 vs R163F699G991O15_13
[10:01:17] INFO - R163F699G991O15_24 vs R163F699G991O15_7
[10:01:17] INFO - R163F699G991O15_30 vs R163F699G991O15
[10:01:17] INFO - R163F699G991O15_24 vs R163F699G991O15_10
[10:01:17] INFO - R163F699G991O15_30 vs R163F699G991O15_17
[10:01:17] INFO - R163F699G991O15_24 vs R163F699G991O15_12
[10:01:17] INFO - R163F699G991O15_30 vs R163F699G991O15_14
[10:01:17] INFO - R163F699G991O15_24 vs R163F699G991O15_33
[10:01:17] INFO - R163F699G991O15_30 vs R163F699G991O15_2
[10:01:17] INFO - R163F699G991O15_24 vs R163F699G991O15_13
[10:01:17] INFO - R163F699G991O15_30 vs R163F699G991O15_25
[10:01:17] INFO - R163F699G991O15_24 vs R163F699G991O15
[10:01:18] INFO - R163F699G991O15_24 vs R163F699G991O15_17
[10:01:18] INFO - R163F699G991O15_30 vs R163F699G991O15_23
[10:01:18] INFO - R163F699G991O15_24 vs R163F699G991O15_14
[10:01:18] INFO - R163F699G991O15_30 vs R163F699G991O15_19
[10:01:18] INFO - R163F699G991O15_30 vs R163F699G991O15_16
[10:01:18] INFO - R163F699G991O15_24 vs R163F699G991O15_2
[10:01:18] INFO - R163F699G991O15_24 vs R163F699G991O15_25
[10:01:18] INFO - R163F699G991O15_30 vs R163F699G991O15_18
[10:01:18] INFO - R163F699G991O15_30 vs R163F699G991O15_1
[10:01:18] INFO - R163F699G991O15_24 vs R163F699G991O15_23
[10:01:18] INFO - R163F699G991O15_30 vs R163F699G991O15_11
[10:01:18] INFO - R163F699G991O15_24 vs R163F699G991O15_19
[10:01:18] INFO - R163F699G991O15_30 vs R163F699G991O15_22
[10:01:18] INFO - R163F699G991O15_24 vs R163F699G991O15_16
[10:01:18] INFO - R163F699G991O15_30 vs R163F699G991O15_27
[10:01:18] INFO - R163F699G991O15_24 vs R163F699G991O15_18
[10:01:18] INFO - R163F699G991O15_30 vs R163F699G991O15_21
[10:01:18] INFO - R163F699G991O15_24 vs R163F699G991O15_1
[10:01:18] INFO - R163F699G991O15_30 vs R163F699G991O15_8
[10:01:18] INFO - R163F699G991O15_24 vs R163F699G991O15_11
[10:01:18] INFO - R163F699G991O15_30 vs R163F699G991O15_28
[10:01:18] INFO - R163F699G991O15_24 vs R163F699G991O15_22
[10:01:18] INFO - R163F699G991O15_30 vs R163F699G991O15_26
[10:01:18] INFO - R163F699G991O15_24 vs R163F699G991O15_27
[10:01:18] INFO - R163F699G991O15_30 vs R163F699G991O15_34
[10:01:18] INFO - R163F699G991O15_24 vs R163F699G991O15_21
[10:01:18] INFO - R163F699G991O15_30 vs R163F699G991O15_6
[10:01:18] INFO - R163F699G991O15_24 vs R163F699G991O15_8
[10:01:18] INFO - R163F699G991O15_30 vs R163F699G991O15_5
[10:01:18] INFO - R163F699G991O15_24 vs R163F699G991O15_28
[10:01:18] INFO - R163F699G991O15_15 vs R163F699G991O15_32
[10:01:18] INFO - R163F699G991O15_24 vs R163F699G991O15_26
[10:01:18] INFO - R163F699G991O15_15 vs R163F699G991O15_24
[10:01:18] INFO - R163F699G991O15_24 vs R163F699G991O15_34
[10:01:18] INFO - R163F699G991O15_15 vs R163F699G991O15_7
[10:01:18] INFO - R163F699G991O15_24 vs R163F699G991O15_6
[10:01:18] INFO - R163F699G991O15_15 vs R163F699G991O15_10
[10:01:18] INFO - R163F699G991O15_24 vs R163F699G991O15_5
[10:01:18] INFO - R163F699G991O15_15 vs R163F699G991O15_12
[10:01:18] INFO - R163F699G991O15_7 vs R163F699G991O15_10
[10:01:18] INFO - R163F699G991O15_15 vs R163F699G991O15_33
[10:01:18] INFO - R163F699G991O15_7 vs R163F699G991O15_12
[10:01:18] INFO - R163F699G991O15_15 vs R163F699G991O15_13
[10:01:18] INFO - R163F699G991O15_7 vs R163F699G991O15_33
[10:01:18] INFO - R163F699G991O15_15 vs R163F699G991O15
[10:01:18] INFO - R163F699G991O15_7 vs R163F699G991O15_13
[10:01:18] INFO - R163F699G991O15_7 vs R163F699G991O15
[10:01:18] INFO - R163F699G991O15_7 vs R163F699G991O15_17
[10:01:18] INFO - R163F699G991O15_7 vs R163F699G991O15_14
[10:01:18] INFO - R163F699G991O15_33 vs R163F699G991O15_11
[10:01:18] INFO - R163F699G991O15_7 vs R163F699G991O15_2
[10:01:18] INFO - R163F699G991O15_33 vs R163F699G991O15_22
[10:01:19] INFO - R163F699G991O15_7 vs R163F699G991O15_25
[10:01:19] INFO - R163F699G991O15_33 vs R163F699G991O15_27
[10:01:19] INFO - R163F699G991O15_7 vs R163F699G991O15_23
[10:01:19] INFO - R163F699G991O15_33 vs R163F699G991O15_21
[10:01:19] INFO - R163F699G991O15_7 vs R163F699G991O15_19
[10:01:19] INFO - R163F699G991O15_33 vs R163F699G991O15_8
[10:01:19] INFO - R163F699G991O15_7 vs R163F699G991O15_16
[10:01:19] INFO - R163F699G991O15_33 vs R163F699G991O15_28
[10:01:19] INFO - R163F699G991O15_7 vs R163F699G991O15_18
[10:01:19] INFO - R163F699G991O15_33 vs R163F699G991O15_26
[10:01:19] INFO - R163F699G991O15_7 vs R163F699G991O15_1
[10:01:19] INFO - R163F699G991O15_33 vs R163F699G991O15_34
[10:01:19] INFO - R163F699G991O15_7 vs R163F699G991O15_11
[10:01:19] INFO - R163F699G991O15_33 vs R163F699G991O15_6
[10:01:19] INFO - R163F699G991O15_7 vs R163F699G991O15_22
[10:01:19] INFO - R163F699G991O15_33 vs R163F699G991O15_5
[10:01:19] INFO - R163F699G991O15_7 vs R163F699G991O15_27
[10:01:19] INFO - R163F699G991O15_13 vs R163F699G991O15
[10:01:19] INFO - R163F699G991O15_7 vs R163F699G991O15_21
[10:01:19] INFO - R163F699G991O15_13 vs R163F699G991O15_17
[10:01:19] INFO - R163F699G991O15_7 vs R163F699G991O15_8
[10:01:19] INFO - R163F699G991O15_13 vs R163F699G991O15_14
[10:01:19] INFO - R163F699G991O15_7 vs R163F699G991O15_28
[10:01:19] INFO - R163F699G991O15_13 vs R163F699G991O15_2
[10:01:19] INFO - R163F699G991O15_7 vs R163F699G991O15_26
[10:01:19] INFO - R163F699G991O15_13 vs R163F699G991O15_25
[10:01:19] INFO - R163F699G991O15_7 vs R163F699G991O15_34
[10:01:19] INFO - R163F699G991O15_13 vs R163F699G991O15_23
[10:01:19] INFO - R163F699G991O15_7 vs R163F699G991O15_6
[10:01:19] INFO - R163F699G991O15_13 vs R163F699G991O15_19
[10:01:19] INFO - R163F699G991O15_7 vs R163F699G991O15_5
[10:01:19] INFO - R163F699G991O15_13 vs R163F699G991O15_16
[10:01:19] INFO - R163F699G991O15_10 vs R163F699G991O15_12
[10:01:19] INFO - R163F699G991O15_13 vs R163F699G991O15_18
[10:01:19] INFO - R163F699G991O15_10 vs R163F699G991O15_33
[10:01:19] INFO - R163F699G991O15_13 vs R163F699G991O15_1
[10:01:19] INFO - R163F699G991O15_10 vs R163F699G991O15_13
[10:01:19] INFO - R163F699G991O15_13 vs R163F699G991O15_11
[10:01:19] INFO - R163F699G991O15_10 vs R163F699G991O15
[10:01:19] INFO - R163F699G991O15_13 vs R163F699G991O15_22
[10:01:19] INFO - R163F699G991O15_10 vs R163F699G991O15_17
[10:01:19] INFO - R163F699G991O15_13 vs R163F699G991O15_27
[10:01:19] INFO - R163F699G991O15_10 vs R163F699G991O15_14
[10:01:19] INFO - R163F699G991O15_13 vs R163F699G991O15_21
[10:01:19] INFO - R163F699G991O15_10 vs R163F699G991O15_2
[10:01:19] INFO - R163F699G991O15_13 vs R163F699G991O15_8
[10:01:19] INFO - R163F699G991O15_10 vs R163F699G991O15_25
[10:01:19] INFO - R163F699G991O15_13 vs R163F699G991O15_28
[10:01:19] INFO - R163F699G991O15_10 vs R163F699G991O15_23
[10:01:19] INFO - R163F699G991O15_13 vs R163F699G991O15_26
[10:01:19] INFO - R163F699G991O15_10 vs R163F699G991O15_19
[10:01:19] INFO - R163F699G991O15_13 vs R163F699G991O15_34
[10:01:19] INFO - R163F699G991O15_10 vs R163F699G991O15_16
[10:01:20] INFO - R163F699G991O15_13 vs R163F699G991O15_6
[10:01:20] INFO - R163F699G991O15_10 vs R163F699G991O15_18
[10:01:20] INFO - R163F699G991O15_13 vs R163F699G991O15_5
[10:01:20] INFO - R163F699G991O15_10 vs R163F699G991O15_1
[10:01:20] INFO - R163F699G991O15 vs R163F699G991O15_17
[10:01:20] INFO - R163F699G991O15_10 vs R163F699G991O15_11
[10:01:20] INFO - R163F699G991O15 vs R163F699G991O15_14
[10:01:20] INFO - R163F699G991O15_10 vs R163F699G991O15_22
[10:01:20] INFO - R163F699G991O15 vs R163F699G991O15_2
[10:01:20] INFO - R163F699G991O15_10 vs R163F699G991O15_27
[10:01:20] INFO - R163F699G991O15 vs R163F699G991O15_25
[10:01:20] INFO - R163F699G991O15_10 vs R163F699G991O15_21
[10:01:20] INFO - R163F699G991O15_10 vs R163F699G991O15_8
[10:01:20] INFO - R163F699G991O15 vs R163F699G991O15_23
[10:01:20] INFO - R163F699G991O15 vs R163F699G991O15_19
[10:01:20] INFO - R163F699G991O15_10 vs R163F699G991O15_28
[10:01:20] INFO - R163F699G991O15 vs R163F699G991O15_16
[10:01:20] INFO - R163F699G991O15_10 vs R163F699G991O15_26
[10:01:20] INFO - R163F699G991O15 vs R163F699G991O15_18
[10:01:20] INFO - R163F699G991O15_10 vs R163F699G991O15_34
[10:01:20] INFO - R163F699G991O15 vs R163F699G991O15_1
[10:01:20] INFO - R163F699G991O15_10 vs R163F699G991O15_6
[10:01:20] INFO - R163F699G991O15 vs R163F699G991O15_11
[10:01:20] INFO - R163F699G991O15_10 vs R163F699G991O15_5
[10:01:20] INFO - R163F699G991O15 vs R163F699G991O15_22
[10:01:20] INFO - R163F699G991O15_12 vs R163F699G991O15_33
[10:01:20] INFO - R163F699G991O15 vs R163F699G991O15_27
[10:01:20] INFO - R163F699G991O15_12 vs R163F699G991O15_13
[10:01:20] INFO - R163F699G991O15 vs R163F699G991O15_21
[10:01:20] INFO - R163F699G991O15_12 vs R163F699G991O15
[10:01:20] INFO - R163F699G991O15 vs R163F699G991O15_8
[10:01:20] INFO - R163F699G991O15_12 vs R163F699G991O15_17
[10:01:20] INFO - R163F699G991O15 vs R163F699G991O15_28
[10:01:20] INFO - R163F699G991O15_12 vs R163F699G991O15_14
[10:01:20] INFO - R163F699G991O15 vs R163F699G991O15_26
[10:01:20] INFO - R163F699G991O15_12 vs R163F699G991O15_2
[10:01:20] INFO - R163F699G991O15 vs R163F699G991O15_34
[10:01:20] INFO - R163F699G991O15_12 vs R163F699G991O15_25
[10:01:20] INFO - R163F699G991O15 vs R163F699G991O15_6
[10:01:20] INFO - R163F699G991O15_12 vs R163F699G991O15_23
[10:01:20] INFO - R163F699G991O15 vs R163F699G991O15_5
[10:01:20] INFO - R163F699G991O15_12 vs R163F699G991O15_19
[10:01:20] INFO - R163F699G991O15_12 vs R163F699G991O15_16
[10:01:20] INFO - R163F699G991O15_17 vs R163F699G991O15_14
[10:01:20] INFO - R163F699G991O15_12 vs R163F699G991O15_18
[10:01:20] INFO - R163F699G991O15_17 vs R163F699G991O15_2
[10:01:20] INFO - R163F699G991O15_12 vs R163F699G991O15_1
[10:01:20] INFO - R163F699G991O15_17 vs R163F699G991O15_25
[10:01:20] INFO - R163F699G991O15_12 vs R163F699G991O15_11
[10:01:20] INFO - R163F699G991O15_17 vs R163F699G991O15_23
[10:01:21] INFO - R163F699G991O15_12 vs R163F699G991O15_22
[10:01:21] INFO - R163F699G991O15_17 vs R163F699G991O15_19
[10:01:21] INFO - R163F699G991O15_12 vs R163F699G991O15_27
[10:01:21] INFO - R163F699G991O15_17 vs R163F699G991O15_16
[10:01:21] INFO - R163F699G991O15_12 vs R163F699G991O15_21
[10:01:21] INFO - R163F699G991O15_17 vs R163F699G991O15_18
[10:01:21] INFO - R163F699G991O15_12 vs R163F699G991O15_8
[10:01:21] INFO - R163F699G991O15_17 vs R163F699G991O15_1
[10:01:21] INFO - R163F699G991O15_12 vs R163F699G991O15_28
[10:01:21] INFO - R163F699G991O15_17 vs R163F699G991O15_11
[10:01:21] INFO - R163F699G991O15_12 vs R163F699G991O15_26
[10:01:21] INFO - R163F699G991O15_17 vs R163F699G991O15_22
[10:01:21] INFO - R163F699G991O15_12 vs R163F699G991O15_34
[10:01:21] INFO - R163F699G991O15_17 vs R163F699G991O15_27
[10:01:21] INFO - R163F699G991O15_12 vs R163F699G991O15_6
[10:01:21] INFO - R163F699G991O15_17 vs R163F699G991O15_21
[10:01:21] INFO - R163F699G991O15_12 vs R163F699G991O15_5
[10:01:21] INFO - R163F699G991O15_17 vs R163F699G991O15_8
[10:01:21] INFO - R163F699G991O15_33 vs R163F699G991O15_13
[10:01:21] INFO - R163F699G991O15_17 vs R163F699G991O15_28
[10:01:21] INFO - R163F699G991O15_17 vs R163F699G991O15_26
[10:01:21] INFO - R163F699G991O15_33 vs R163F699G991O15
[10:01:21] INFO - R163F699G991O15_17 vs R163F699G991O15_34
[10:01:21] INFO - R163F699G991O15_33 vs R163F699G991O15_17
[10:01:21] INFO - R163F699G991O15_17 vs R163F699G991O15_6
[10:01:21] INFO - R163F699G991O15_33 vs R163F699G991O15_14
[10:01:21] INFO - R163F699G991O15_17 vs R163F699G991O15_5
[10:01:21] INFO - R163F699G991O15_33 vs R163F699G991O15_2
[10:01:21] INFO - R163F699G991O15_14 vs R163F699G991O15_2
[10:01:21] INFO - R163F699G991O15_33 vs R163F699G991O15_25
[10:01:21] INFO - R163F699G991O15_14 vs R163F699G991O15_25
[10:01:21] INFO - R163F699G991O15_33 vs R163F699G991O15_23
[10:01:21] INFO - R163F699G991O15_14 vs R163F699G991O15_23
[10:01:21] INFO - R163F699G991O15_33 vs R163F699G991O15_19
[10:01:21] INFO - R163F699G991O15_14 vs R163F699G991O15_19
[10:01:21] INFO - R163F699G991O15_33 vs R163F699G991O15_16
[10:01:21] INFO - R163F699G991O15_14 vs R163F699G991O15_16
[10:01:21] INFO - R163F699G991O15_33 vs R163F699G991O15_18
[10:01:21] INFO - R163F699G991O15_14 vs R163F699G991O15_18
[10:01:21] INFO - R163F699G991O15_33 vs R163F699G991O15_1
[10:01:21] INFO - R163F699G991O15_14 vs R163F699G991O15_1
[10:01:21] INFO - R163F699G991O15_14 vs R163F699G991O15_22
[10:01:21] INFO - R163F699G991O15_14 vs R163F699G991O15_11
[10:01:21] INFO - R163F699G991O15_14 vs R163F699G991O15_27
[10:01:21] INFO - R163F699G991O15_16 vs R163F699G991O15_26
[10:01:21] INFO - R163F699G991O15_14 vs R163F699G991O15_21
[10:01:21] INFO - R163F699G991O15_16 vs R163F699G991O15_34
[10:01:21] INFO - R163F699G991O15_14 vs R163F699G991O15_8
[10:01:21] INFO - R163F699G991O15_16 vs R163F699G991O15_6
[10:01:21] INFO - R163F699G991O15_14 vs R163F699G991O15_28
[10:01:21] INFO - R163F699G991O15_16 vs R163F699G991O15_5
[10:01:21] INFO - R163F699G991O15_14 vs R163F699G991O15_26
[10:01:22] INFO - R163F699G991O15_18 vs R163F699G991O15_1
[10:01:22] INFO - R163F699G991O15_14 vs R163F699G991O15_34
[10:01:22] INFO - R163F699G991O15_18 vs R163F699G991O15_11
[10:01:22] INFO - R163F699G991O15_14 vs R163F699G991O15_6
[10:01:22] INFO - R163F699G991O15_18 vs R163F699G991O15_22
[10:01:22] INFO - R163F699G991O15_14 vs R163F699G991O15_5
[10:01:22] INFO - R163F699G991O15_18 vs R163F699G991O15_27
[10:01:22] INFO - R163F699G991O15_2 vs R163F699G991O15_25
[10:01:22] INFO - R163F699G991O15_18 vs R163F699G991O15_21
[10:01:22] INFO - R163F699G991O15_2 vs R163F699G991O15_23
[10:01:22] INFO - R163F699G991O15_18 vs R163F699G991O15_8
[10:01:22] INFO - R163F699G991O15_2 vs R163F699G991O15_19
[10:01:22] INFO - R163F699G991O15_18 vs R163F699G991O15_28
[10:01:22] INFO - R163F699G991O15_2 vs R163F699G991O15_16
[10:01:22] INFO - R163F699G991O15_18 vs R163F699G991O15_26
[10:01:22] INFO - R163F699G991O15_2 vs R163F699G991O15_18
[10:01:22] INFO - R163F699G991O15_18 vs R163F699G991O15_34
[10:01:22] INFO - R163F699G991O15_2 vs R163F699G991O15_1
[10:01:22] INFO - R163F699G991O15_18 vs R163F699G991O15_6
[10:01:22] INFO - R163F699G991O15_2 vs R163F699G991O15_11
[10:01:22] INFO - R163F699G991O15_18 vs R163F699G991O15_5
[10:01:22] INFO - R163F699G991O15_2 vs R163F699G991O15_22
[10:01:22] INFO - R163F699G991O15_1 vs R163F699G991O15_11
[10:01:22] INFO - R163F699G991O15_2 vs R163F699G991O15_27
[10:01:22] INFO - R163F699G991O15_1 vs R163F699G991O15_22
[10:01:22] INFO - R163F699G991O15_2 vs R163F699G991O15_21
[10:01:22] INFO - R163F699G991O15_1 vs R163F699G991O15_27
[10:01:22] INFO - R163F699G991O15_2 vs R163F699G991O15_8
[10:01:22] INFO - R163F699G991O15_1 vs R163F699G991O15_21
[10:01:22] INFO - R163F699G991O15_2 vs R163F699G991O15_28
[10:01:22] INFO - R163F699G991O15_1 vs R163F699G991O15_8
[10:01:22] INFO - R163F699G991O15_2 vs R163F699G991O15_26
[10:01:22] INFO - R163F699G991O15_1 vs R163F699G991O15_28
[10:01:22] INFO - R163F699G991O15_2 vs R163F699G991O15_34
[10:01:22] INFO - R163F699G991O15_1 vs R163F699G991O15_26
[10:01:22] INFO - R163F699G991O15_2 vs R163F699G991O15_6
[10:01:22] INFO - R163F699G991O15_1 vs R163F699G991O15_34
[10:01:22] INFO - R163F699G991O15_2 vs R163F699G991O15_5
[10:01:22] INFO - R163F699G991O15_1 vs R163F699G991O15_6
[10:01:22] INFO - R163F699G991O15_25 vs R163F699G991O15_23
[10:01:22] INFO - R163F699G991O15_1 vs R163F699G991O15_5
[10:01:22] INFO - R163F699G991O15_25 vs R163F699G991O15_19
[10:01:22] INFO - R163F699G991O15_11 vs R163F699G991O15_22
[10:01:22] INFO - R163F699G991O15_25 vs R163F699G991O15_16
[10:01:22] INFO - R163F699G991O15_11 vs R163F699G991O15_27
[10:01:22] INFO - R163F699G991O15_25 vs R163F699G991O15_18
[10:01:22] INFO - R163F699G991O15_11 vs R163F699G991O15_21
[10:01:22] INFO - R163F699G991O15_25 vs R163F699G991O15_1
[10:01:22] INFO - R163F699G991O15_11 vs R163F699G991O15_8
[10:01:22] INFO - R163F699G991O15_25 vs R163F699G991O15_11
[10:01:22] INFO - R163F699G991O15_11 vs R163F699G991O15_28
[10:01:23] INFO - R163F699G991O15_25 vs R163F699G991O15_22
[10:01:23] INFO - R163F699G991O15_11 vs R163F699G991O15_26
[10:01:23] INFO - R163F699G991O15_25 vs R163F699G991O15_27
[10:01:23] INFO - R163F699G991O15_11 vs R163F699G991O15_34
[10:01:23] INFO - R163F699G991O15_25 vs R163F699G991O15_21
[10:01:23] INFO - R163F699G991O15_11 vs R163F699G991O15_6
[10:01:23] INFO - R163F699G991O15_25 vs R163F699G991O15_8
[10:01:23] INFO - R163F699G991O15_11 vs R163F699G991O15_5
[10:01:23] INFO - R163F699G991O15_25 vs R163F699G991O15_28
[10:01:23] INFO - R163F699G991O15_22 vs R163F699G991O15_27
[10:01:23] INFO - R163F699G991O15_25 vs R163F699G991O15_26
[10:01:23] INFO - R163F699G991O15_22 vs R163F699G991O15_21
[10:01:23] INFO - R163F699G991O15_25 vs R163F699G991O15_34
[10:01:23] INFO - R163F699G991O15_22 vs R163F699G991O15_8
[10:01:23] INFO - R163F699G991O15_25 vs R163F699G991O15_6
[10:01:23] INFO - R163F699G991O15_22 vs R163F699G991O15_28
[10:01:23] INFO - R163F699G991O15_25 vs R163F699G991O15_5
[10:01:23] INFO - R163F699G991O15_22 vs R163F699G991O15_26
[10:01:23] INFO - R163F699G991O15_22 vs R163F699G991O15_34
[10:01:23] INFO - R163F699G991O15_23 vs R163F699G991O15_19
[10:01:23] INFO - R163F699G991O15_22 vs R163F699G991O15_6
[10:01:23] INFO - R163F699G991O15_23 vs R163F699G991O15_16
[10:01:23] INFO - R163F699G991O15_23 vs R163F699G991O15_18
[10:01:23] INFO - R163F699G991O15_22 vs R163F699G991O15_5
[10:01:23] INFO - R163F699G991O15_23 vs R163F699G991O15_1
[10:01:23] INFO - R163F699G991O15_27 vs R163F699G991O15_21
[10:01:23] INFO - R163F699G991O15_23 vs R163F699G991O15_11
[10:01:23] INFO - R163F699G991O15_27 vs R163F699G991O15_8
[10:01:23] INFO - R163F699G991O15_23 vs R163F699G991O15_22
[10:01:23] INFO - R163F699G991O15_27 vs R163F699G991O15_28
[10:01:23] INFO - R163F699G991O15_23 vs R163F699G991O15_27
[10:01:23] INFO - R163F699G991O15_27 vs R163F699G991O15_26
[10:01:23] INFO - R163F699G991O15_23 vs R163F699G991O15_21
[10:01:23] INFO - R163F699G991O15_27 vs R163F699G991O15_34
[10:01:23] INFO - R163F699G991O15_23 vs R163F699G991O15_8
[10:01:23] INFO - R163F699G991O15_27 vs R163F699G991O15_6
[10:01:23] INFO - R163F699G991O15_23 vs R163F699G991O15_28
[10:01:23] INFO - R163F699G991O15_27 vs R163F699G991O15_5
[10:01:23] INFO - R163F699G991O15_23 vs R163F699G991O15_26
[10:01:23] INFO - R163F699G991O15_21 vs R163F699G991O15_8
[10:01:23] INFO - R163F699G991O15_23 vs R163F699G991O15_34
[10:01:23] INFO - R163F699G991O15_21 vs R163F699G991O15_28
[10:01:23] INFO - R163F699G991O15_23 vs R163F699G991O15_6
[10:01:23] INFO - R163F699G991O15_21 vs R163F699G991O15_26
[10:01:23] INFO - R163F699G991O15_23 vs R163F699G991O15_5
[10:01:23] INFO - R163F699G991O15_21 vs R163F699G991O15_34
[10:01:23] INFO - R163F699G991O15_19 vs R163F699G991O15_16
[10:01:23] INFO - R163F699G991O15_21 vs R163F699G991O15_6
[10:01:23] INFO - R163F699G991O15_19 vs R163F699G991O15_18
[10:01:23] INFO - R163F699G991O15_21 vs R163F699G991O15_5
[10:01:23] INFO - R163F699G991O15_19 vs R163F699G991O15_1
[10:01:24] INFO - R163F699G991O15_8 vs R163F699G991O15_28
[10:01:24] INFO - R163F699G991O15_19 vs R163F699G991O15_11
[10:01:24] INFO - R163F699G991O15_8 vs R163F699G991O15_26
[10:01:24] INFO - R163F699G991O15_19 vs R163F699G991O15_22
[10:01:24] INFO - R163F699G991O15_8 vs R163F699G991O15_34
[10:01:24] INFO - R163F699G991O15_19 vs R163F699G991O15_27
[10:01:24] INFO - R163F699G991O15_8 vs R163F699G991O15_6
[10:01:24] INFO - R163F699G991O15_19 vs R163F699G991O15_21
[10:01:24] INFO - R163F699G991O15_8 vs R163F699G991O15_5
[10:01:24] INFO - R163F699G991O15_19 vs R163F699G991O15_8
[10:01:24] INFO - R163F699G991O15_28 vs R163F699G991O15_26
[10:01:24] INFO - R163F699G991O15_19 vs R163F699G991O15_28
[10:01:24] INFO - R163F699G991O15_28 vs R163F699G991O15_34
[10:01:24] INFO - R163F699G991O15_19 vs R163F699G991O15_26
[10:01:24] INFO - R163F699G991O15_28 vs R163F699G991O15_6
[10:01:24] INFO - R163F699G991O15_19 vs R163F699G991O15_34
[10:01:24] INFO - R163F699G991O15_28 vs R163F699G991O15_5
[10:01:24] INFO - R163F699G991O15_19 vs R163F699G991O15_6
[10:01:24] INFO - R163F699G991O15_19 vs R163F699G991O15_5
[10:01:24] INFO - R163F699G991O15_26 vs R163F699G991O15_34
[10:01:24] INFO - R163F699G991O15_16 vs R163F699G991O15_18
[10:01:24] INFO - R163F699G991O15_26 vs R163F699G991O15_6
[10:01:24] INFO - R163F699G991O15_16 vs R163F699G991O15_1
[10:01:24] INFO - R163F699G991O15_26 vs R163F699G991O15_5
[10:01:24] INFO - R163F699G991O15_16 vs R163F699G991O15_11
[10:01:24] INFO - R163F699G991O15_34 vs R163F699G991O15_6
[10:01:24] INFO - R163F699G991O15_16 vs R163F699G991O15_22
[10:01:24] INFO - R163F699G991O15_34 vs R163F699G991O15_5
[10:01:24] INFO - R163F699G991O15_16 vs R163F699G991O15_27
[10:01:24] INFO - R163F699G991O15_6 vs R163F699G991O15_5
[10:01:24] INFO - R163F699G991O15_16 vs R163F699G991O15_21
[10:01:24] INFO - R163F699G991O15_16 vs R163F699G991O15_8
[10:01:24] INFO - R163F699G991O15_16 vs R163F699G991O15_28
[10:01:24] INFO - Generating results summary...
[10:01:24] INFO - Writing alignments to: /repo/cagecat/jobs/R163F699G991O15/results/alignments.txt
[10:01:24] INFO - Saving session to: /repo/cagecat/jobs/R163F699G991O15/results/R163F699G991O15_session.json
[10:01:24] INFO - Building clustermap.js visualisation
[10:01:24] INFO - Writing to: /repo/cagecat/jobs/R163F699G991O15/results/R163F699G991O15_plot.html
[10:01:25] INFO - Done!
